<?xml version="1.0" encoding="UTF-8"?>
<testsuite name="com.binarysearchtree.MyBinaryTreeTest" tests="1" skipped="0" failures="0" errors="0" timestamp="2021-05-07T05:58:32" hostname="HACKERNAMAN" time="0.015">
  <properties/>
  <testcase name="given3Numbers_WhenAddedToBinaryTree_ShouldReturnSizeThree()" classname="com.binarysearchtree.MyBinaryTreeTest" time="0.015"/>
  <system-out><![CDATA[]]></system-out>
  <system-err><![CDATA[]]></system-err>
</testsuite>
